<?xml version="1.0" encoding="UTF-8"?>
<!-- Generated by org.testng.reporters.JUnitReportReporter -->
<testsuite hostname="lukesha-Lenovo-G50-70" failures="0" tests="1" name="testcases.HomePageTest" time="7.986" errors="0" timestamp="28 Apr 2023 10:27:06 GMT" skipped="0">
  <testcase classname="testcases.HomePageTest" name="test3" time="7.986"/>
</testsuite> <!-- testcases.HomePageTest -->
