<?xml version="1.0" encoding="UTF-8"?>
<!-- Generated by org.testng.reporters.JUnitReportReporter -->
<testsuite hostname="lukesha-Lenovo-G50-70" failures="0" tests="3" name="testcases.LoginTest" time="88.799" errors="0" timestamp="30 Apr 2023 10:32:45 GMT" skipped="0">
  <testcase classname="testcases.LoginTest" name="Test4" time="32.164"/>
  <testcase classname="testcases.LoginTest" name="test1" time="32.309"/>
  <testcase classname="testcases.LoginTest" name="test2" time="24.326"/>
</testsuite> <!-- testcases.LoginTest -->
