<?xml version="1.0" encoding="UTF-8"?>
<!-- Generated by org.testng.reporters.JUnitReportReporter -->
<testsuite hostname="lukesha-Lenovo-G50-70" failures="0" tests="1" name="com.simplilearn.SimplilearnMaven.AppTest" time="0.001" errors="0" timestamp="23 Apr 2023 04:10:23 GMT" skipped="0">
  <testcase classname="com.simplilearn.SimplilearnMaven.AppTest" name="testApp" time="0.001"/>
</testsuite> <!-- com.simplilearn.SimplilearnMaven.AppTest -->
